2017-03-17 15:23:18,044 ERROR [errorlog] org.apache.xmlbeans.XmlException: Invalid QName value: Can't resolve prefix 'tns'
org.apache.xmlbeans.XmlException: Invalid QName value: Can't resolve prefix 'tns'
	at org.apache.xmlbeans.XmlBeans.wrappedException(XmlBeans.java:149)
	at org.apache.xmlbeans.XmlBeans.compileXmlBeans(XmlBeans.java:675)
	at org.apache.xmlbeans.XmlBeans.compileXsd(XmlBeans.java:553)
	at com.eviware.soapui.impl.wsdl.support.xsd.SchemaUtils.buildSchemaTypes(SchemaUtils.java:287)
	at com.eviware.soapui.impl.wsdl.support.xsd.SchemaUtils.loadSchemaTypes(SchemaUtils.java:194)
	at com.eviware.soapui.impl.support.definition.support.XmlSchemaBasedInterfaceDefinition.loadSchemaTypes(XmlSchemaBasedInterfaceDefinition.java:79)
	at com.eviware.soapui.impl.wsdl.support.wsdl.WsdlInterfaceDefinition.load(WsdlInterfaceDefinition.java:61)
	at com.eviware.soapui.impl.wsdl.support.wsdl.WsdlContext.loadDefinition(WsdlContext.java:66)
	at com.eviware.soapui.impl.wsdl.support.wsdl.WsdlContext.loadDefinition(WsdlContext.java:30)
	at com.eviware.soapui.impl.support.definition.support.AbstractDefinitionContext.cacheDefinition(AbstractDefinitionContext.java:268)
	at com.eviware.soapui.impl.support.definition.support.AbstractDefinitionContext.access$400(AbstractDefinitionContext.java:44)
	at com.eviware.soapui.impl.support.definition.support.AbstractDefinitionContext$Loader.construct(AbstractDefinitionContext.java:235)
	at com.eviware.soapui.support.swing.SwingWorkerDelegator.construct(SwingWorkerDelegator.java:46)
	at com.eviware.soapui.support.swing.SwingWorker$2.run(SwingWorker.java:149)
	at java.lang.Thread.run(Thread.java:724)
Caused by: org.apache.xmlbeans.impl.values.XmlValueOutOfRangeException: Invalid QName value: Can't resolve prefix 'tns'
	at org.apache.xmlbeans.impl.values.JavaQNameHolder.parse(JavaQNameHolder.java:140)
	at org.apache.xmlbeans.impl.values.JavaQNameHolder.set_text(JavaQNameHolder.java:155)
	at org.apache.xmlbeans.impl.values.XmlObjectBase.update_from_wscanon_text(XmlObjectBase.java:1166)
	at org.apache.xmlbeans.impl.values.XmlObjectBase.check_dated(XmlObjectBase.java:1305)
	at org.apache.xmlbeans.impl.values.JavaQNameHolder.getQNameValue(JavaQNameHolder.java:181)
	at org.apache.xmlbeans.impl.xb.xsdschema.impl.ElementImpl.getType(ElementImpl.java:754)
	at org.apache.xmlbeans.impl.schema.StscTranslator.translateElement(StscTranslator.java:1088)
	at org.apache.xmlbeans.impl.schema.StscComplexTypeResolver.translateContentModel(StscComplexTypeResolver.java:1273)
	at org.apache.xmlbeans.impl.schema.StscComplexTypeResolver.translateContentModel(StscComplexTypeResolver.java:1439)
	at org.apache.xmlbeans.impl.schema.StscComplexTypeResolver.resolveBasicComplexType(StscComplexTypeResolver.java:301)
	at org.apache.xmlbeans.impl.schema.StscComplexTypeResolver.resolveComplexType(StscComplexTypeResolver.java:262)
	at org.apache.xmlbeans.impl.schema.StscResolver.resolveType(StscResolver.java:87)
	at org.apache.xmlbeans.impl.schema.StscResolver.resolveAll(StscResolver.java:59)
	at org.apache.xmlbeans.impl.schema.SchemaTypeSystemCompiler.compileImpl(SchemaTypeSystemCompiler.java:307)
	at org.apache.xmlbeans.impl.schema.SchemaTypeSystemCompiler.compile(SchemaTypeSystemCompiler.java:218)
	at sun.reflect.NativeMethodAccessorImpl.invoke0(Native Method)
	at sun.reflect.NativeMethodAccessorImpl.invoke(NativeMethodAccessorImpl.java:57)
	at sun.reflect.DelegatingMethodAccessorImpl.invoke(DelegatingMethodAccessorImpl.java:43)
	at java.lang.reflect.Method.invoke(Method.java:606)
	at org.apache.xmlbeans.XmlBeans.compileXmlBeans(XmlBeans.java:667)
	... 13 more
2017-03-17 15:23:18,044 ERROR [errorlog] com.eviware.soapui.impl.wsdl.support.xsd.SchemaException
com.eviware.soapui.impl.wsdl.support.xsd.SchemaException
	at com.eviware.soapui.impl.wsdl.support.xsd.SchemaUtils.buildSchemaTypes(SchemaUtils.java:297)
	at com.eviware.soapui.impl.wsdl.support.xsd.SchemaUtils.loadSchemaTypes(SchemaUtils.java:194)
	at com.eviware.soapui.impl.support.definition.support.XmlSchemaBasedInterfaceDefinition.loadSchemaTypes(XmlSchemaBasedInterfaceDefinition.java:79)
	at com.eviware.soapui.impl.wsdl.support.wsdl.WsdlInterfaceDefinition.load(WsdlInterfaceDefinition.java:61)
	at com.eviware.soapui.impl.wsdl.support.wsdl.WsdlContext.loadDefinition(WsdlContext.java:66)
	at com.eviware.soapui.impl.wsdl.support.wsdl.WsdlContext.loadDefinition(WsdlContext.java:30)
	at com.eviware.soapui.impl.support.definition.support.AbstractDefinitionContext.cacheDefinition(AbstractDefinitionContext.java:268)
	at com.eviware.soapui.impl.support.definition.support.AbstractDefinitionContext.access$400(AbstractDefinitionContext.java:44)
	at com.eviware.soapui.impl.support.definition.support.AbstractDefinitionContext$Loader.construct(AbstractDefinitionContext.java:235)
	at com.eviware.soapui.support.swing.SwingWorkerDelegator.construct(SwingWorkerDelegator.java:46)
	at com.eviware.soapui.support.swing.SwingWorker$2.run(SwingWorker.java:149)
	at java.lang.Thread.run(Thread.java:724)
2017-03-17 15:23:18,044 ERROR [errorlog] com.eviware.soapui.impl.wsdl.support.xsd.SchemaException
com.eviware.soapui.impl.wsdl.support.xsd.SchemaException
	at com.eviware.soapui.impl.wsdl.support.xsd.SchemaUtils.buildSchemaTypes(SchemaUtils.java:297)
	at com.eviware.soapui.impl.wsdl.support.xsd.SchemaUtils.loadSchemaTypes(SchemaUtils.java:194)
	at com.eviware.soapui.impl.support.definition.support.XmlSchemaBasedInterfaceDefinition.loadSchemaTypes(XmlSchemaBasedInterfaceDefinition.java:79)
	at com.eviware.soapui.impl.wsdl.support.wsdl.WsdlInterfaceDefinition.load(WsdlInterfaceDefinition.java:61)
	at com.eviware.soapui.impl.wsdl.support.wsdl.WsdlContext.loadDefinition(WsdlContext.java:66)
	at com.eviware.soapui.impl.wsdl.support.wsdl.WsdlContext.loadDefinition(WsdlContext.java:30)
	at com.eviware.soapui.impl.support.definition.support.AbstractDefinitionContext.cacheDefinition(AbstractDefinitionContext.java:268)
	at com.eviware.soapui.impl.support.definition.support.AbstractDefinitionContext.access$400(AbstractDefinitionContext.java:44)
	at com.eviware.soapui.impl.support.definition.support.AbstractDefinitionContext$Loader.construct(AbstractDefinitionContext.java:235)
	at com.eviware.soapui.support.swing.SwingWorkerDelegator.construct(SwingWorkerDelegator.java:46)
	at com.eviware.soapui.support.swing.SwingWorker$2.run(SwingWorker.java:149)
	at java.lang.Thread.run(Thread.java:724)
2017-03-17 15:23:18,217 ERROR [errorlog] org.apache.xmlbeans.XmlException: Invalid QName value: Can't resolve prefix 'tns'
org.apache.xmlbeans.XmlException: Invalid QName value: Can't resolve prefix 'tns'
	at org.apache.xmlbeans.XmlBeans.wrappedException(XmlBeans.java:149)
	at org.apache.xmlbeans.XmlBeans.compileXmlBeans(XmlBeans.java:675)
	at org.apache.xmlbeans.XmlBeans.compileXsd(XmlBeans.java:553)
	at com.eviware.soapui.impl.wsdl.support.xsd.SchemaUtils.buildSchemaTypes(SchemaUtils.java:287)
	at com.eviware.soapui.impl.wsdl.support.xsd.SchemaUtils.loadSchemaTypes(SchemaUtils.java:194)
	at com.eviware.soapui.impl.support.definition.support.XmlSchemaBasedInterfaceDefinition.loadSchemaTypes(XmlSchemaBasedInterfaceDefinition.java:79)
	at com.eviware.soapui.impl.wsdl.support.wsdl.WsdlInterfaceDefinition.load(WsdlInterfaceDefinition.java:61)
	at com.eviware.soapui.impl.wsdl.support.wsdl.WsdlContext.loadDefinition(WsdlContext.java:66)
	at com.eviware.soapui.impl.wsdl.support.wsdl.WsdlContext.loadDefinition(WsdlContext.java:30)
	at com.eviware.soapui.impl.support.definition.support.AbstractDefinitionContext.cacheDefinition(AbstractDefinitionContext.java:268)
	at com.eviware.soapui.impl.support.definition.support.AbstractDefinitionContext.access$400(AbstractDefinitionContext.java:44)
	at com.eviware.soapui.impl.support.definition.support.AbstractDefinitionContext$Loader.construct(AbstractDefinitionContext.java:235)
	at com.eviware.soapui.support.swing.SwingWorkerDelegator.construct(SwingWorkerDelegator.java:46)
	at com.eviware.soapui.support.swing.SwingWorker$2.run(SwingWorker.java:149)
	at java.lang.Thread.run(Thread.java:724)
Caused by: org.apache.xmlbeans.impl.values.XmlValueOutOfRangeException: Invalid QName value: Can't resolve prefix 'tns'
	at org.apache.xmlbeans.impl.values.JavaQNameHolder.parse(JavaQNameHolder.java:140)
	at org.apache.xmlbeans.impl.values.JavaQNameHolder.set_text(JavaQNameHolder.java:155)
	at org.apache.xmlbeans.impl.values.XmlObjectBase.update_from_wscanon_text(XmlObjectBase.java:1166)
	at org.apache.xmlbeans.impl.values.XmlObjectBase.check_dated(XmlObjectBase.java:1305)
	at org.apache.xmlbeans.impl.values.JavaQNameHolder.getQNameValue(JavaQNameHolder.java:181)
	at org.apache.xmlbeans.impl.xb.xsdschema.impl.ElementImpl.getType(ElementImpl.java:754)
	at org.apache.xmlbeans.impl.schema.StscTranslator.translateElement(StscTranslator.java:1088)
	at org.apache.xmlbeans.impl.schema.StscComplexTypeResolver.translateContentModel(StscComplexTypeResolver.java:1273)
	at org.apache.xmlbeans.impl.schema.StscComplexTypeResolver.translateContentModel(StscComplexTypeResolver.java:1439)
	at org.apache.xmlbeans.impl.schema.StscComplexTypeResolver.resolveBasicComplexType(StscComplexTypeResolver.java:301)
	at org.apache.xmlbeans.impl.schema.StscComplexTypeResolver.resolveComplexType(StscComplexTypeResolver.java:262)
	at org.apache.xmlbeans.impl.schema.StscResolver.resolveType(StscResolver.java:87)
	at org.apache.xmlbeans.impl.schema.StscResolver.resolveAll(StscResolver.java:59)
	at org.apache.xmlbeans.impl.schema.SchemaTypeSystemCompiler.compileImpl(SchemaTypeSystemCompiler.java:307)
	at org.apache.xmlbeans.impl.schema.SchemaTypeSystemCompiler.compile(SchemaTypeSystemCompiler.java:218)
	at sun.reflect.NativeMethodAccessorImpl.invoke0(Native Method)
	at sun.reflect.NativeMethodAccessorImpl.invoke(NativeMethodAccessorImpl.java:57)
	at sun.reflect.DelegatingMethodAccessorImpl.invoke(DelegatingMethodAccessorImpl.java:43)
	at java.lang.reflect.Method.invoke(Method.java:606)
	at org.apache.xmlbeans.XmlBeans.compileXmlBeans(XmlBeans.java:667)
	... 13 more
2017-03-17 15:23:18,232 ERROR [errorlog] com.eviware.soapui.impl.wsdl.support.xsd.SchemaException
com.eviware.soapui.impl.wsdl.support.xsd.SchemaException
	at com.eviware.soapui.impl.wsdl.support.xsd.SchemaUtils.buildSchemaTypes(SchemaUtils.java:297)
	at com.eviware.soapui.impl.wsdl.support.xsd.SchemaUtils.loadSchemaTypes(SchemaUtils.java:194)
	at com.eviware.soapui.impl.support.definition.support.XmlSchemaBasedInterfaceDefinition.loadSchemaTypes(XmlSchemaBasedInterfaceDefinition.java:79)
	at com.eviware.soapui.impl.wsdl.support.wsdl.WsdlInterfaceDefinition.load(WsdlInterfaceDefinition.java:61)
	at com.eviware.soapui.impl.wsdl.support.wsdl.WsdlContext.loadDefinition(WsdlContext.java:66)
	at com.eviware.soapui.impl.wsdl.support.wsdl.WsdlContext.loadDefinition(WsdlContext.java:30)
	at com.eviware.soapui.impl.support.definition.support.AbstractDefinitionContext.cacheDefinition(AbstractDefinitionContext.java:268)
	at com.eviware.soapui.impl.support.definition.support.AbstractDefinitionContext.access$400(AbstractDefinitionContext.java:44)
	at com.eviware.soapui.impl.support.definition.support.AbstractDefinitionContext$Loader.construct(AbstractDefinitionContext.java:235)
	at com.eviware.soapui.support.swing.SwingWorkerDelegator.construct(SwingWorkerDelegator.java:46)
	at com.eviware.soapui.support.swing.SwingWorker$2.run(SwingWorker.java:149)
	at java.lang.Thread.run(Thread.java:724)
2017-03-17 15:23:18,232 ERROR [errorlog] com.eviware.soapui.impl.wsdl.support.xsd.SchemaException
com.eviware.soapui.impl.wsdl.support.xsd.SchemaException
	at com.eviware.soapui.impl.wsdl.support.xsd.SchemaUtils.buildSchemaTypes(SchemaUtils.java:297)
	at com.eviware.soapui.impl.wsdl.support.xsd.SchemaUtils.loadSchemaTypes(SchemaUtils.java:194)
	at com.eviware.soapui.impl.support.definition.support.XmlSchemaBasedInterfaceDefinition.loadSchemaTypes(XmlSchemaBasedInterfaceDefinition.java:79)
	at com.eviware.soapui.impl.wsdl.support.wsdl.WsdlInterfaceDefinition.load(WsdlInterfaceDefinition.java:61)
	at com.eviware.soapui.impl.wsdl.support.wsdl.WsdlContext.loadDefinition(WsdlContext.java:66)
	at com.eviware.soapui.impl.wsdl.support.wsdl.WsdlContext.loadDefinition(WsdlContext.java:30)
	at com.eviware.soapui.impl.support.definition.support.AbstractDefinitionContext.cacheDefinition(AbstractDefinitionContext.java:268)
	at com.eviware.soapui.impl.support.definition.support.AbstractDefinitionContext.access$400(AbstractDefinitionContext.java:44)
	at com.eviware.soapui.impl.support.definition.support.AbstractDefinitionContext$Loader.construct(AbstractDefinitionContext.java:235)
	at com.eviware.soapui.support.swing.SwingWorkerDelegator.construct(SwingWorkerDelegator.java:46)
	at com.eviware.soapui.support.swing.SwingWorker$2.run(SwingWorker.java:149)
	at java.lang.Thread.run(Thread.java:724)
